<?xml version="1.0"?>
<!DOCTYPE coverage SYSTEM "http://cobertura.sourceforge.net/xml/coverage-04.dtd">
<coverage line-rate="0.6701183431952663" branch-rate="1.0000000000000000" lines-covered="453" lines-valid="676" branches-covered="0" branches-valid="0" complexity="0.0" timestamp="1555912637" version="Slather 2.4.7">
  <sources>
    <source>/Users/habib/iOS/task</source>
  </sources>
  <packages>
    <package name="Task" line-rate="0.1875000000000000" branch-rate="1.0000000000000000" complexity="0.0">
      <classes>
        <class name="AppDelegate" filename="Task/AppDelegate.swift" line-rate="0.0000000000000000" branch-rate="1.0000000000000000" complexity="0.0">
          <methods/>
          <lines>
            <line number="17" branch="false" hits="0"/>
            <line number="18" branch="false" hits="0"/>
            <line number="19" branch="false" hits="0"/>
            <line number="20" branch="false" hits="0"/>
            <line number="21" branch="false" hits="0"/>
            <line number="22" branch="false" hits="0"/>
            <line number="23" branch="false" hits="0"/>
            <line number="24" branch="false" hits="0"/>
            <line number="25" branch="false" hits="0"/>
            <line number="26" branch="false" hits="0"/>
            <line number="27" branch="false" hits="0"/>
            <line number="28" branch="false" hits="0"/>
            <line number="29" branch="false" hits="0"/>
          </lines>
        </class>
        <class name="main" filename="Task/main.swift" line-rate="1.0000000000000000" branch-rate="1.0000000000000000" complexity="0.0">
          <methods/>
          <lines>
            <line number="11" branch="false" hits="1"/>
            <line number="12" branch="false" hits="1"/>
            <line number="13" branch="false" hits="1"/>
          </lines>
        </class>
      </classes>
    </package>
    <package name="Task.common" line-rate="0.0333333333333333" branch-rate="1.0000000000000000" complexity="0.0">
      <classes>
        <class name="WatchSessionManager" filename="Task/common/WatchSessionManager.swift" line-rate="0.0333333333333333" branch-rate="1.0000000000000000" complexity="0.0">
          <methods/>
          <lines>
            <line number="26" branch="false" hits="1"/>
            <line number="33" branch="false" hits="1"/>
            <line number="36" branch="false" hits="0"/>
            <line number="37" branch="false" hits="0"/>
            <line number="38" branch="false" hits="0"/>
            <line number="39" branch="false" hits="0"/>
            <line number="40" branch="false" hits="0"/>
            <line number="41" branch="false" hits="0"/>
            <line number="42" branch="false" hits="0"/>
            <line number="43" branch="false" hits="0"/>
            <line number="44" branch="false" hits="0"/>
            <line number="45" branch="false" hits="0"/>
            <line number="46" branch="false" hits="0"/>
            <line number="47" branch="false" hits="0"/>
            <line number="49" branch="false" hits="0"/>
            <line number="50" branch="false" hits="0"/>
            <line number="51" branch="false" hits="0"/>
            <line number="52" branch="false" hits="0"/>
            <line number="57" branch="false" hits="0"/>
            <line number="58" branch="false" hits="0"/>
            <line number="59" branch="false" hits="0"/>
            <line number="63" branch="false" hits="0"/>
            <line number="64" branch="false" hits="0"/>
            <line number="65" branch="false" hits="0"/>
            <line number="67" branch="false" hits="0"/>
            <line number="68" branch="false" hits="0"/>
            <line number="69" branch="false" hits="0"/>
            <line number="70" branch="false" hits="0"/>
            <line number="71" branch="false" hits="0"/>
            <line number="72" branch="false" hits="0"/>
            <line number="73" branch="false" hits="0"/>
            <line number="74" branch="false" hits="0"/>
            <line number="75" branch="false" hits="0"/>
            <line number="82" branch="false" hits="0"/>
            <line number="83" branch="false" hits="0"/>
            <line number="84" branch="false" hits="0"/>
            <line number="85" branch="false" hits="0"/>
            <line number="86" branch="false" hits="0"/>
            <line number="87" branch="false" hits="0"/>
            <line number="90" branch="false" hits="0"/>
            <line number="91" branch="false" hits="0"/>
            <line number="92" branch="false" hits="0"/>
            <line number="94" branch="false" hits="0"/>
            <line number="95" branch="false" hits="0"/>
            <line number="96" branch="false" hits="0"/>
            <line number="100" branch="false" hits="0"/>
            <line number="101" branch="false" hits="0"/>
            <line number="102" branch="false" hits="0"/>
            <line number="103" branch="false" hits="0"/>
            <line number="105" branch="false" hits="0"/>
            <line number="106" branch="false" hits="0"/>
            <line number="107" branch="false" hits="0"/>
            <line number="108" branch="false" hits="0"/>
            <line number="112" branch="false" hits="0"/>
            <line number="113" branch="false" hits="0"/>
            <line number="114" branch="false" hits="0"/>
            <line number="115" branch="false" hits="0"/>
            <line number="116" branch="false" hits="0"/>
            <line number="117" branch="false" hits="0"/>
            <line number="118" branch="false" hits="0"/>
          </lines>
        </class>
      </classes>
    </package>
    <package name="Task.helper" line-rate="0.8571428571428571" branch-rate="1.0000000000000000" complexity="0.0">
      <classes>
        <class name="StringTrailingTrimmedExtension" filename="Task/helper/StringTrailingTrimmedExtension.swift" line-rate="1.0000000000000000" branch-rate="1.0000000000000000" complexity="0.0">
          <methods/>
          <lines>
            <line number="12" branch="false" hits="6"/>
            <line number="13" branch="false" hits="6"/>
            <line number="14" branch="false" hits="6"/>
          </lines>
        </class>
        <class name="TableView+Reusable" filename="Task/helper/TableView+Reusable.swift" line-rate="0.8888888888888888" branch-rate="1.0000000000000000" complexity="0.0">
          <methods/>
          <lines>
            <line number="14" branch="false" hits="21"/>
            <line number="15" branch="false" hits="21"/>
            <line number="16" branch="false" hits="21"/>
            <line number="20" branch="false" hits="20"/>
            <line number="21" branch="false" hits="20"/>
            <line number="22" branch="false" hits="0"/>
            <line number="23" branch="false" hits="20"/>
            <line number="24" branch="false" hits="20"/>
            <line number="25" branch="false" hits="20"/>
          </lines>
        </class>
        <class name="UIColorExtesion" filename="Task/helper/UIColorExtesion.swift" line-rate="0.0000000000000000" branch-rate="1.0000000000000000" complexity="0.0">
          <methods/>
          <lines>
            <line number="11" branch="false" hits="0"/>
            <line number="12" branch="false" hits="0"/>
            <line number="13" branch="false" hits="0"/>
            <line number="14" branch="false" hits="0"/>
            <line number="15" branch="false" hits="0"/>
            <line number="16" branch="false" hits="0"/>
          </lines>
        </class>
        <class name="UIViewConstraintsExtension" filename="Task/helper/UIViewConstraintsExtension.swift" line-rate="1.0000000000000000" branch-rate="1.0000000000000000" complexity="0.0">
          <methods/>
          <lines>
            <line number="12" branch="false" hits="62"/>
            <line number="13" branch="false" hits="62"/>
            <line number="14" branch="false" hits="62"/>
            <line number="15" branch="false" hits="62"/>
            <line number="16" branch="false" hits="62"/>
            <line number="17" branch="false" hits="2"/>
            <line number="18" branch="false" hits="2"/>
            <line number="19" branch="false" hits="2"/>
            <line number="20" branch="false" hits="62"/>
            <line number="21" branch="false" hits="62"/>
            <line number="22" branch="false" hits="62"/>
            <line number="23" branch="false" hits="62"/>
            <line number="24" branch="false" hits="62"/>
            <line number="25" branch="false" hits="62"/>
            <line number="26" branch="false" hits="62"/>
            <line number="27" branch="false" hits="62"/>
            <line number="28" branch="false" hits="62"/>
            <line number="29" branch="false" hits="62"/>
            <line number="30" branch="false" hits="62"/>
            <line number="31" branch="false" hits="42"/>
            <line number="32" branch="false" hits="62"/>
            <line number="33" branch="false" hits="62"/>
            <line number="34" branch="false" hits="42"/>
            <line number="35" branch="false" hits="62"/>
            <line number="36" branch="false" hits="62"/>
            <line number="37" branch="false" hits="20"/>
            <line number="38" branch="false" hits="62"/>
            <line number="39" branch="false" hits="62"/>
            <line number="40" branch="false" hits="20"/>
            <line number="41" branch="false" hits="62"/>
            <line number="42" branch="false" hits="62"/>
          </lines>
        </class>
      </classes>
    </package>
    <package name="Task.model" line-rate="1.0000000000000000" branch-rate="1.0000000000000000" complexity="0.0">
      <classes>
        <class name="Owner" filename="Task/model/Owner.swift" line-rate="1.0000000000000000" branch-rate="1.0000000000000000" complexity="0.0">
          <methods/>
          <lines>
            <line number="20" branch="false" hits="34"/>
            <line number="21" branch="false" hits="34"/>
            <line number="22" branch="false" hits="34"/>
            <line number="23" branch="false" hits="34"/>
            <line number="24" branch="false" hits="34"/>
          </lines>
        </class>
        <class name="Repository" filename="Task/model/Repository.swift" line-rate="1.0000000000000000" branch-rate="1.0000000000000000" complexity="0.0">
          <methods/>
          <lines>
            <line number="26" branch="false" hits="33"/>
            <line number="27" branch="false" hits="33"/>
            <line number="28" branch="false" hits="33"/>
            <line number="29" branch="false" hits="33"/>
            <line number="30" branch="false" hits="33"/>
            <line number="31" branch="false" hits="33"/>
            <line number="32" branch="false" hits="33"/>
            <line number="33" branch="false" hits="33"/>
          </lines>
        </class>
      </classes>
    </package>
    <package name="Task.presenter" line-rate="0.7024793388429752" branch-rate="1.0000000000000000" complexity="0.0">
      <classes>
        <class name="HomePresenter" filename="Task/presenter/HomePresenter.swift" line-rate="0.4590163934426230" branch-rate="1.0000000000000000" complexity="0.0">
          <methods/>
          <lines>
            <line number="29" branch="false" hits="8"/>
            <line number="30" branch="false" hits="8"/>
            <line number="31" branch="false" hits="8"/>
            <line number="32" branch="false" hits="8"/>
            <line number="34" branch="false" hits="7"/>
            <line number="35" branch="false" hits="7"/>
            <line number="36" branch="false" hits="7"/>
            <line number="37" branch="false" hits="7"/>
            <line number="38" branch="false" hits="7"/>
            <line number="39" branch="false" hits="3"/>
            <line number="40" branch="false" hits="3"/>
            <line number="41" branch="false" hits="7"/>
            <line number="42" branch="false" hits="4"/>
            <line number="43" branch="false" hits="4"/>
            <line number="44" branch="false" hits="4"/>
            <line number="45" branch="false" hits="4"/>
            <line number="46" branch="false" hits="4"/>
            <line number="47" branch="false" hits="1"/>
            <line number="48" branch="false" hits="1"/>
            <line number="49" branch="false" hits="7"/>
            <line number="50" branch="false" hits="7"/>
            <line number="51" branch="false" hits="7"/>
            <line number="52" branch="false" hits="7"/>
            <line number="54" branch="false" hits="1"/>
            <line number="55" branch="false" hits="1"/>
            <line number="56" branch="false" hits="1"/>
            <line number="57" branch="false" hits="1"/>
            <line number="58" branch="false" hits="1"/>
            <line number="59" branch="false" hits="0"/>
            <line number="60" branch="false" hits="0"/>
            <line number="61" branch="false" hits="0"/>
            <line number="62" branch="false" hits="0"/>
            <line number="63" branch="false" hits="0"/>
            <line number="64" branch="false" hits="0"/>
            <line number="65" branch="false" hits="0"/>
            <line number="66" branch="false" hits="0"/>
            <line number="67" branch="false" hits="0"/>
            <line number="68" branch="false" hits="0"/>
            <line number="69" branch="false" hits="0"/>
            <line number="70" branch="false" hits="0"/>
            <line number="71" branch="false" hits="0"/>
            <line number="73" branch="false" hits="0"/>
            <line number="74" branch="false" hits="0"/>
            <line number="75" branch="false" hits="0"/>
            <line number="76" branch="false" hits="0"/>
            <line number="77" branch="false" hits="0"/>
            <line number="78" branch="false" hits="0"/>
            <line number="79" branch="false" hits="0"/>
            <line number="80" branch="false" hits="0"/>
            <line number="81" branch="false" hits="0"/>
            <line number="82" branch="false" hits="0"/>
            <line number="85" branch="false" hits="0"/>
            <line number="86" branch="false" hits="0"/>
            <line number="87" branch="false" hits="0"/>
            <line number="88" branch="false" hits="0"/>
            <line number="89" branch="false" hits="0"/>
            <line number="90" branch="false" hits="0"/>
            <line number="91" branch="false" hits="0"/>
            <line number="92" branch="false" hits="0"/>
            <line number="93" branch="false" hits="0"/>
            <line number="94" branch="false" hits="0"/>
          </lines>
        </class>
        <class name="NotePresenter" filename="Task/presenter/NotePresenter.swift" line-rate="0.9500000000000000" branch-rate="1.0000000000000000" complexity="0.0">
          <methods/>
          <lines>
            <line number="34" branch="false" hits="9"/>
            <line number="35" branch="false" hits="9"/>
            <line number="36" branch="false" hits="9"/>
            <line number="38" branch="false" hits="1"/>
            <line number="39" branch="false" hits="1"/>
            <line number="40" branch="false" hits="1"/>
            <line number="41" branch="false" hits="1"/>
            <line number="42" branch="false" hits="1"/>
            <line number="43" branch="false" hits="1"/>
            <line number="44" branch="false" hits="1"/>
            <line number="45" branch="false" hits="1"/>
            <line number="46" branch="false" hits="1"/>
            <line number="47" branch="false" hits="1"/>
            <line number="48" branch="false" hits="1"/>
            <line number="49" branch="false" hits="1"/>
            <line number="50" branch="false" hits="1"/>
            <line number="51" branch="false" hits="0"/>
            <line number="52" branch="false" hits="1"/>
            <line number="53" branch="false" hits="1"/>
            <line number="55" branch="false" hits="3"/>
            <line number="56" branch="false" hits="3"/>
            <line number="57" branch="false" hits="3"/>
            <line number="58" branch="false" hits="1"/>
            <line number="59" branch="false" hits="1"/>
            <line number="60" branch="false" hits="2"/>
            <line number="61" branch="false" hits="2"/>
            <line number="62" branch="false" hits="2"/>
            <line number="63" branch="false" hits="0"/>
            <line number="64" branch="false" hits="2"/>
            <line number="65" branch="false" hits="2"/>
            <line number="67" branch="false" hits="2"/>
            <line number="68" branch="false" hits="2"/>
            <line number="69" branch="false" hits="2"/>
            <line number="70" branch="false" hits="1"/>
            <line number="71" branch="false" hits="1"/>
            <line number="72" branch="false" hits="1"/>
            <line number="73" branch="false" hits="1"/>
            <line number="74" branch="false" hits="1"/>
            <line number="75" branch="false" hits="1"/>
            <line number="76" branch="false" hits="1"/>
            <line number="77" branch="false" hits="1"/>
            <line number="78" branch="false" hits="1"/>
            <line number="79" branch="false" hits="1"/>
            <line number="80" branch="false" hits="0"/>
            <line number="81" branch="false" hits="1"/>
            <line number="82" branch="false" hits="1"/>
            <line number="84" branch="false" hits="5"/>
            <line number="85" branch="false" hits="5"/>
            <line number="86" branch="false" hits="5"/>
            <line number="87" branch="false" hits="5"/>
            <line number="88" branch="false" hits="5"/>
            <line number="89" branch="false" hits="5"/>
            <line number="90" branch="false" hits="5"/>
            <line number="91" branch="false" hits="5"/>
            <line number="94" branch="false" hits="3"/>
            <line number="95" branch="false" hits="3"/>
            <line number="96" branch="false" hits="2"/>
            <line number="97" branch="false" hits="2"/>
            <line number="98" branch="false" hits="1"/>
            <line number="99" branch="false" hits="3"/>
          </lines>
        </class>
      </classes>
    </package>
    <package name="Task.service" line-rate="0.8709677419354839" branch-rate="1.0000000000000000" complexity="0.0">
      <classes>
        <class name="Networking" filename="Task/service/Networking.swift" line-rate="0.8709677419354839" branch-rate="1.0000000000000000" complexity="0.0">
          <methods/>
          <lines>
            <line number="18" branch="false" hits="1"/>
            <line number="19" branch="false" hits="1"/>
            <line number="20" branch="false" hits="1"/>
            <line number="21" branch="false" hits="1"/>
            <line number="22" branch="false" hits="1"/>
            <line number="23" branch="false" hits="1"/>
            <line number="26" branch="false" hits="1"/>
            <line number="27" branch="false" hits="1"/>
            <line number="28" branch="false" hits="1"/>
            <line number="29" branch="false" hits="1"/>
            <line number="30" branch="false" hits="1"/>
            <line number="32" branch="false" hits="1"/>
            <line number="33" branch="false" hits="1"/>
            <line number="34" branch="false" hits="1"/>
            <line number="35" branch="false" hits="0"/>
            <line number="36" branch="false" hits="0"/>
            <line number="37" branch="false" hits="1"/>
            <line number="38" branch="false" hits="1"/>
            <line number="39" branch="false" hits="1"/>
            <line number="40" branch="false" hits="0"/>
            <line number="41" branch="false" hits="0"/>
            <line number="42" branch="false" hits="1"/>
            <line number="43" branch="false" hits="1"/>
            <line number="44" branch="false" hits="1"/>
            <line number="45" branch="false" hits="1"/>
            <line number="46" branch="false" hits="1"/>
            <line number="47" branch="false" hits="1"/>
            <line number="48" branch="false" hits="1"/>
            <line number="49" branch="false" hits="1"/>
            <line number="50" branch="false" hits="1"/>
            <line number="51" branch="false" hits="1"/>
          </lines>
        </class>
      </classes>
    </package>
    <package name="Task.view" line-rate="0.7279792746113990" branch-rate="1.0000000000000000" complexity="0.0">
      <classes>
        <class name="DescriptionView" filename="Task/view/DescriptionView.swift" line-rate="0.9538461538461539" branch-rate="1.0000000000000000" complexity="0.0">
          <methods/>
          <lines>
            <line number="18" branch="false" hits="20"/>
            <line number="19" branch="false" hits="20"/>
            <line number="20" branch="false" hits="20"/>
            <line number="24" branch="false" hits="20"/>
            <line number="25" branch="false" hits="20"/>
            <line number="26" branch="false" hits="20"/>
            <line number="30" branch="false" hits="20"/>
            <line number="31" branch="false" hits="20"/>
            <line number="32" branch="false" hits="20"/>
            <line number="36" branch="false" hits="20"/>
            <line number="37" branch="false" hits="20"/>
            <line number="38" branch="false" hits="20"/>
            <line number="39" branch="false" hits="20"/>
            <line number="40" branch="false" hits="20"/>
            <line number="41" branch="false" hits="20"/>
            <line number="42" branch="false" hits="20"/>
            <line number="43" branch="false" hits="20"/>
            <line number="45" branch="false" hits="20"/>
            <line number="46" branch="false" hits="20"/>
            <line number="47" branch="false" hits="20"/>
            <line number="48" branch="false" hits="20"/>
            <line number="49" branch="false" hits="20"/>
            <line number="50" branch="false" hits="20"/>
            <line number="51" branch="false" hits="20"/>
            <line number="52" branch="false" hits="20"/>
            <line number="54" branch="false" hits="20"/>
            <line number="55" branch="false" hits="20"/>
            <line number="56" branch="false" hits="20"/>
            <line number="57" branch="false" hits="20"/>
            <line number="58" branch="false" hits="20"/>
            <line number="59" branch="false" hits="20"/>
            <line number="60" branch="false" hits="20"/>
            <line number="64" branch="false" hits="20"/>
            <line number="65" branch="false" hits="20"/>
            <line number="66" branch="false" hits="20"/>
            <line number="67" branch="false" hits="20"/>
            <line number="68" branch="false" hits="20"/>
            <line number="69" branch="false" hits="20"/>
            <line number="70" branch="false" hits="20"/>
            <line number="72" branch="false" hits="0"/>
            <line number="73" branch="false" hits="0"/>
            <line number="74" branch="false" hits="0"/>
            <line number="84" branch="false" hits="20"/>
            <line number="85" branch="false" hits="20"/>
            <line number="86" branch="false" hits="20"/>
            <line number="87" branch="false" hits="20"/>
            <line number="88" branch="false" hits="20"/>
            <line number="89" branch="false" hits="20"/>
            <line number="91" branch="false" hits="20"/>
            <line number="92" branch="false" hits="20"/>
            <line number="93" branch="false" hits="20"/>
            <line number="95" branch="false" hits="20"/>
            <line number="96" branch="false" hits="20"/>
            <line number="97" branch="false" hits="20"/>
            <line number="98" branch="false" hits="20"/>
            <line number="99" branch="false" hits="20"/>
            <line number="100" branch="false" hits="20"/>
            <line number="101" branch="false" hits="20"/>
            <line number="102" branch="false" hits="20"/>
            <line number="103" branch="false" hits="20"/>
            <line number="104" branch="false" hits="20"/>
            <line number="105" branch="false" hits="20"/>
            <line number="106" branch="false" hits="20"/>
            <line number="107" branch="false" hits="20"/>
            <line number="108" branch="false" hits="20"/>
          </lines>
        </class>
        <class name="HomeViewController" filename="Task/view/HomeViewController.swift" line-rate="0.7244094488188977" branch-rate="1.0000000000000000" complexity="0.0">
          <methods/>
          <lines>
            <line number="17" branch="false" hits="1"/>
            <line number="18" branch="false" hits="1"/>
            <line number="19" branch="false" hits="1"/>
            <line number="20" branch="false" hits="1"/>
            <line number="21" branch="false" hits="1"/>
            <line number="26" branch="false" hits="1"/>
            <line number="27" branch="false" hits="1"/>
            <line number="28" branch="false" hits="1"/>
            <line number="33" branch="false" hits="1"/>
            <line number="34" branch="false" hits="1"/>
            <line number="35" branch="false" hits="1"/>
            <line number="36" branch="false" hits="1"/>
            <line number="37" branch="false" hits="1"/>
            <line number="38" branch="false" hits="1"/>
            <line number="39" branch="false" hits="1"/>
            <line number="40" branch="false" hits="1"/>
            <line number="41" branch="false" hits="1"/>
            <line number="42" branch="false" hits="1"/>
            <line number="46" branch="false" hits="1"/>
            <line number="47" branch="false" hits="1"/>
            <line number="48" branch="false" hits="1"/>
            <line number="50" branch="false" hits="1"/>
            <line number="51" branch="false" hits="1"/>
            <line number="52" branch="false" hits="1"/>
            <line number="53" branch="false" hits="1"/>
            <line number="54" branch="false" hits="1"/>
            <line number="55" branch="false" hits="1"/>
            <line number="56" branch="false" hits="1"/>
            <line number="57" branch="false" hits="1"/>
            <line number="58" branch="false" hits="1"/>
            <line number="60" branch="false" hits="1"/>
            <line number="61" branch="false" hits="1"/>
            <line number="62" branch="false" hits="1"/>
            <line number="63" branch="false" hits="1"/>
            <line number="64" branch="false" hits="1"/>
            <line number="65" branch="false" hits="1"/>
            <line number="66" branch="false" hits="1"/>
            <line number="67" branch="false" hits="1"/>
            <line number="68" branch="false" hits="1"/>
            <line number="69" branch="false" hits="1"/>
            <line number="70" branch="false" hits="1"/>
            <line number="71" branch="false" hits="1"/>
            <line number="72" branch="false" hits="1"/>
            <line number="73" branch="false" hits="1"/>
            <line number="75" branch="false" hits="1"/>
            <line number="76" branch="false" hits="1"/>
            <line number="77" branch="false" hits="1"/>
            <line number="78" branch="false" hits="1"/>
            <line number="80" branch="false" hits="1"/>
            <line number="81" branch="false" hits="1"/>
            <line number="82" branch="false" hits="1"/>
            <line number="84" branch="false" hits="1"/>
            <line number="85" branch="false" hits="1"/>
            <line number="86" branch="false" hits="1"/>
            <line number="87" branch="false" hits="1"/>
            <line number="89" branch="false" hits="0"/>
            <line number="90" branch="false" hits="0"/>
            <line number="91" branch="false" hits="0"/>
            <line number="92" branch="false" hits="0"/>
            <line number="93" branch="false" hits="0"/>
            <line number="95" branch="false" hits="0"/>
            <line number="96" branch="false" hits="0"/>
            <line number="97" branch="false" hits="0"/>
            <line number="98" branch="false" hits="0"/>
            <line number="99" branch="false" hits="0"/>
            <line number="101" branch="false" hits="1"/>
            <line number="102" branch="false" hits="1"/>
            <line number="103" branch="false" hits="1"/>
            <line number="104" branch="false" hits="1"/>
            <line number="105" branch="false" hits="1"/>
            <line number="107" branch="false" hits="1"/>
            <line number="108" branch="false" hits="1"/>
            <line number="109" branch="false" hits="1"/>
            <line number="110" branch="false" hits="1"/>
            <line number="111" branch="false" hits="1"/>
            <line number="113" branch="false" hits="1"/>
            <line number="114" branch="false" hits="1"/>
            <line number="115" branch="false" hits="1"/>
            <line number="116" branch="false" hits="1"/>
            <line number="117" branch="false" hits="1"/>
            <line number="119" branch="false" hits="0"/>
            <line number="120" branch="false" hits="0"/>
            <line number="121" branch="false" hits="0"/>
            <line number="122" branch="false" hits="0"/>
            <line number="123" branch="false" hits="0"/>
            <line number="124" branch="false" hits="0"/>
            <line number="125" branch="false" hits="0"/>
            <line number="126" branch="false" hits="0"/>
            <line number="129" branch="false" hits="0"/>
            <line number="130" branch="false" hits="0"/>
            <line number="131" branch="false" hits="0"/>
            <line number="136" branch="false" hits="0"/>
            <line number="137" branch="false" hits="0"/>
            <line number="138" branch="false" hits="0"/>
            <line number="139" branch="false" hits="0"/>
            <line number="141" branch="false" hits="0"/>
            <line number="142" branch="false" hits="0"/>
            <line number="143" branch="false" hits="0"/>
            <line number="145" branch="false" hits="1"/>
            <line number="146" branch="false" hits="1"/>
            <line number="147" branch="false" hits="1"/>
            <line number="149" branch="false" hits="1"/>
            <line number="150" branch="false" hits="1"/>
            <line number="151" branch="false" hits="1"/>
            <line number="153" branch="false" hits="1"/>
            <line number="154" branch="false" hits="1"/>
            <line number="155" branch="false" hits="1"/>
            <line number="157" branch="false" hits="0"/>
            <line number="158" branch="false" hits="0"/>
            <line number="159" branch="false" hits="0"/>
            <line number="165" branch="false" hits="20"/>
            <line number="166" branch="false" hits="20"/>
            <line number="167" branch="false" hits="20"/>
            <line number="168" branch="false" hits="20"/>
            <line number="169" branch="false" hits="20"/>
            <line number="170" branch="false" hits="20"/>
            <line number="172" branch="false" hits="2"/>
            <line number="173" branch="false" hits="2"/>
            <line number="174" branch="false" hits="2"/>
            <line number="176" branch="false" hits="0"/>
            <line number="177" branch="false" hits="0"/>
            <line number="178" branch="false" hits="0"/>
            <line number="179" branch="false" hits="0"/>
            <line number="181" branch="false" hits="1"/>
            <line number="182" branch="false" hits="1"/>
            <line number="183" branch="false" hits="1"/>
            <line number="184" branch="false" hits="1"/>
          </lines>
        </class>
        <class name="NoteViewController" filename="Task/view/NoteViewController.swift" line-rate="0.5038759689922481" branch-rate="1.0000000000000000" complexity="0.0">
          <methods/>
          <lines>
            <line number="13" branch="false" hits="1"/>
            <line number="14" branch="false" hits="1"/>
            <line number="15" branch="false" hits="1"/>
            <line number="16" branch="false" hits="1"/>
            <line number="17" branch="false" hits="1"/>
            <line number="18" branch="false" hits="1"/>
            <line number="19" branch="false" hits="0"/>
            <line number="20" branch="false" hits="1"/>
            <line number="21" branch="false" hits="1"/>
            <line number="22" branch="false" hits="1"/>
            <line number="23" branch="false" hits="1"/>
            <line number="24" branch="false" hits="1"/>
            <line number="25" branch="false" hits="1"/>
            <line number="26" branch="false" hits="1"/>
            <line number="37" branch="false" hits="1"/>
            <line number="38" branch="false" hits="1"/>
            <line number="39" branch="false" hits="1"/>
            <line number="40" branch="false" hits="1"/>
            <line number="41" branch="false" hits="1"/>
            <line number="42" branch="false" hits="1"/>
            <line number="43" branch="false" hits="1"/>
            <line number="44" branch="false" hits="1"/>
            <line number="45" branch="false" hits="1"/>
            <line number="48" branch="false" hits="1"/>
            <line number="49" branch="false" hits="1"/>
            <line number="50" branch="false" hits="1"/>
            <line number="52" branch="false" hits="1"/>
            <line number="53" branch="false" hits="1"/>
            <line number="54" branch="false" hits="1"/>
            <line number="56" branch="false" hits="0"/>
            <line number="57" branch="false" hits="0"/>
            <line number="58" branch="false" hits="0"/>
            <line number="60" branch="false" hits="1"/>
            <line number="61" branch="false" hits="1"/>
            <line number="62" branch="false" hits="1"/>
            <line number="63" branch="false" hits="1"/>
            <line number="64" branch="false" hits="1"/>
            <line number="65" branch="false" hits="1"/>
            <line number="66" branch="false" hits="1"/>
            <line number="67" branch="false" hits="1"/>
            <line number="68" branch="false" hits="1"/>
            <line number="70" branch="false" hits="1"/>
            <line number="71" branch="false" hits="1"/>
            <line number="72" branch="false" hits="1"/>
            <line number="73" branch="false" hits="1"/>
            <line number="75" branch="false" hits="1"/>
            <line number="76" branch="false" hits="1"/>
            <line number="77" branch="false" hits="1"/>
            <line number="78" branch="false" hits="1"/>
            <line number="79" branch="false" hits="1"/>
            <line number="80" branch="false" hits="1"/>
            <line number="81" branch="false" hits="1"/>
            <line number="82" branch="false" hits="1"/>
            <line number="83" branch="false" hits="1"/>
            <line number="84" branch="false" hits="1"/>
            <line number="85" branch="false" hits="1"/>
            <line number="86" branch="false" hits="1"/>
            <line number="87" branch="false" hits="1"/>
            <line number="88" branch="false" hits="1"/>
            <line number="90" branch="false" hits="1"/>
            <line number="91" branch="false" hits="1"/>
            <line number="92" branch="false" hits="1"/>
            <line number="93" branch="false" hits="1"/>
            <line number="94" branch="false" hits="1"/>
            <line number="96" branch="false" hits="0"/>
            <line number="97" branch="false" hits="0"/>
            <line number="98" branch="false" hits="0"/>
            <line number="99" branch="false" hits="0"/>
            <line number="100" branch="false" hits="0"/>
            <line number="102" branch="false" hits="0"/>
            <line number="103" branch="false" hits="0"/>
            <line number="104" branch="false" hits="0"/>
            <line number="105" branch="false" hits="0"/>
            <line number="106" branch="false" hits="0"/>
            <line number="108" branch="false" hits="0"/>
            <line number="109" branch="false" hits="0"/>
            <line number="110" branch="false" hits="0"/>
            <line number="111" branch="false" hits="0"/>
            <line number="112" branch="false" hits="0"/>
            <line number="114" branch="false" hits="0"/>
            <line number="115" branch="false" hits="0"/>
            <line number="116" branch="false" hits="0"/>
            <line number="117" branch="false" hits="0"/>
            <line number="118" branch="false" hits="0"/>
            <line number="119" branch="false" hits="0"/>
            <line number="120" branch="false" hits="0"/>
            <line number="121" branch="false" hits="0"/>
            <line number="122" branch="false" hits="0"/>
            <line number="124" branch="false" hits="0"/>
            <line number="125" branch="false" hits="0"/>
            <line number="126" branch="false" hits="0"/>
            <line number="127" branch="false" hits="0"/>
            <line number="128" branch="false" hits="0"/>
            <line number="129" branch="false" hits="0"/>
            <line number="132" branch="false" hits="0"/>
            <line number="133" branch="false" hits="0"/>
            <line number="134" branch="false" hits="0"/>
            <line number="135" branch="false" hits="0"/>
            <line number="136" branch="false" hits="0"/>
            <line number="137" branch="false" hits="0"/>
            <line number="138" branch="false" hits="0"/>
            <line number="139" branch="false" hits="0"/>
            <line number="140" branch="false" hits="0"/>
            <line number="141" branch="false" hits="0"/>
            <line number="142" branch="false" hits="0"/>
            <line number="144" branch="false" hits="0"/>
            <line number="145" branch="false" hits="0"/>
            <line number="146" branch="false" hits="0"/>
            <line number="147" branch="false" hits="0"/>
            <line number="148" branch="false" hits="0"/>
            <line number="150" branch="false" hits="0"/>
            <line number="151" branch="false" hits="0"/>
            <line number="152" branch="false" hits="0"/>
            <line number="157" branch="false" hits="0"/>
            <line number="158" branch="false" hits="0"/>
            <line number="159" branch="false" hits="0"/>
            <line number="160" branch="false" hits="0"/>
            <line number="162" branch="false" hits="0"/>
            <line number="163" branch="false" hits="0"/>
            <line number="164" branch="false" hits="0"/>
            <line number="166" branch="false" hits="1"/>
            <line number="167" branch="false" hits="1"/>
            <line number="168" branch="false" hits="1"/>
            <line number="169" branch="false" hits="1"/>
            <line number="170" branch="false" hits="1"/>
            <line number="172" branch="false" hits="0"/>
            <line number="173" branch="false" hits="0"/>
            <line number="174" branch="false" hits="0"/>
            <line number="175" branch="false" hits="0"/>
          </lines>
        </class>
        <class name="RepoCell" filename="Task/view/RepoCell.swift" line-rate="0.9538461538461539" branch-rate="1.0000000000000000" complexity="0.0">
          <methods/>
          <lines>
            <line number="25" branch="false" hits="20"/>
            <line number="26" branch="false" hits="20"/>
            <line number="27" branch="false" hits="20"/>
            <line number="28" branch="false" hits="20"/>
            <line number="29" branch="false" hits="20"/>
            <line number="31" branch="false" hits="0"/>
            <line number="32" branch="false" hits="0"/>
            <line number="33" branch="false" hits="0"/>
            <line number="35" branch="false" hits="20"/>
            <line number="36" branch="false" hits="20"/>
            <line number="37" branch="false" hits="20"/>
            <line number="38" branch="false" hits="20"/>
            <line number="41" branch="false" hits="20"/>
            <line number="42" branch="false" hits="20"/>
            <line number="43" branch="false" hits="20"/>
            <line number="44" branch="false" hits="20"/>
            <line number="45" branch="false" hits="20"/>
            <line number="46" branch="false" hits="20"/>
            <line number="47" branch="false" hits="20"/>
            <line number="49" branch="false" hits="20"/>
            <line number="50" branch="false" hits="20"/>
            <line number="51" branch="false" hits="20"/>
            <line number="52" branch="false" hits="20"/>
            <line number="53" branch="false" hits="20"/>
            <line number="54" branch="false" hits="20"/>
            <line number="55" branch="false" hits="20"/>
            <line number="56" branch="false" hits="20"/>
            <line number="57" branch="false" hits="20"/>
            <line number="58" branch="false" hits="20"/>
            <line number="59" branch="false" hits="20"/>
            <line number="60" branch="false" hits="20"/>
            <line number="61" branch="false" hits="20"/>
            <line number="62" branch="false" hits="20"/>
            <line number="63" branch="false" hits="20"/>
            <line number="64" branch="false" hits="20"/>
            <line number="65" branch="false" hits="20"/>
            <line number="66" branch="false" hits="20"/>
            <line number="67" branch="false" hits="20"/>
            <line number="68" branch="false" hits="20"/>
            <line number="69" branch="false" hits="20"/>
            <line number="70" branch="false" hits="20"/>
            <line number="71" branch="false" hits="20"/>
            <line number="72" branch="false" hits="20"/>
            <line number="73" branch="false" hits="20"/>
            <line number="74" branch="false" hits="20"/>
            <line number="76" branch="false" hits="20"/>
            <line number="77" branch="false" hits="20"/>
            <line number="78" branch="false" hits="20"/>
            <line number="79" branch="false" hits="20"/>
            <line number="80" branch="false" hits="20"/>
            <line number="81" branch="false" hits="20"/>
            <line number="84" branch="false" hits="20"/>
            <line number="85" branch="false" hits="20"/>
            <line number="86" branch="false" hits="20"/>
            <line number="87" branch="false" hits="20"/>
            <line number="88" branch="false" hits="20"/>
            <line number="89" branch="false" hits="20"/>
            <line number="90" branch="false" hits="20"/>
            <line number="91" branch="false" hits="20"/>
            <line number="92" branch="false" hits="20"/>
            <line number="93" branch="false" hits="20"/>
            <line number="94" branch="false" hits="20"/>
            <line number="95" branch="false" hits="20"/>
            <line number="96" branch="false" hits="20"/>
            <line number="97" branch="false" hits="20"/>
          </lines>
        </class>
      </classes>
    </package>
  </packages>
</coverage>
